<?xml version="1.0" encoding="UTF-8"?>
<!-- Generated by org.testng.reporters.JUnitReportReporter -->
<testsuite skipped="0" hostname="QAP7-PC" name="samplepac.NewTest" tests="1" failures="0" timestamp="25 Mar 2019 10:29:53 GMT" time="0.002" errors="0">
  <testcase name="f" time="0.002" classname="samplepac.NewTest"/>
</testsuite> <!-- samplepac.NewTest -->
