<?xml version="1.0" encoding="UTF-8"?>
<!-- Generated by org.testng.reporters.JUnitReportReporter -->
<testsuite skipped="0" hostname="QAP7-PC" name="samplepac.NewTest1" tests="1" failures="0" timestamp="25 Mar 2019 10:29:53 GMT" time="0.001" errors="0">
  <testcase name="f1" time="0.001" classname="samplepac.NewTest1"/>
</testsuite> <!-- samplepac.NewTest1 -->
