<?xml version="1.0" encoding="UTF-8"?>
<!-- Generated by org.testng.reporters.JUnitReportReporter -->
<testsuite skipped="0" hostname="QAP7-PC" name="samplepac.NewTest2" tests="1" failures="0" timestamp="27 Mar 2019 04:10:19 GMT" time="0.006" errors="0">
  <testcase name="f2" time="0.006" classname="samplepac.NewTest2"/>
</testsuite> <!-- samplepac.NewTest2 -->
