<?xml version="1.0" encoding="UTF-8"?>
<!-- Generated by org.testng.reporters.JUnitReportReporter -->
<testsuite skipped="0" hostname="QAP7-PC" name="samplepac.NewTest" tests="1" failures="0" timestamp="27 Mar 2019 04:10:19 GMT" time="0.001" errors="0">
  <testcase name="f" time="0.001" classname="samplepac.NewTest"/>
</testsuite> <!-- samplepac.NewTest -->
